Args: pva -p hsp -t spi -f idvgnmos.pvadir/pvaHDL.lis -o idvgnmos.pvadir

==> Start pvaCG on Tue Dec 23 15:15:49 2014


Begin of pVA compiling on Tue Dec 23 15:15:49 2014

Parsing './../model_code/code_109beta/bsimcmg.va'
Parsing include file '././/../model_code/code_109beta/bsimcmg_main.va'
Parsing include file '/tools/synopsys/hspice/G-2012.06/hspice/include/constants.vams'
Parsing include file '/tools/synopsys/hspice/G-2012.06/hspice/include/disciplines.vams'
Parsing include file '././/../model_code/code_109beta/common_defs.include'
Parsing include file '././/../model_code/code_109beta/bsimcmg_cfringe.include'
Parsing include file '././/../model_code/code_109beta/bsimcmg_body.include'
Parsing include file '././/../model_code/code_109beta/bsimcmg_binning_parameters.include'
Parsing include file '././/../model_code/code_109beta/bsimcmg_rdsmod.include'
Parsing include file '././/../model_code/code_109beta/bsimcmg_quasi_static_cv.include'

End of pVA compiling on Tue Dec 23 15:15:49 2014


End of build pVA DB on Tue Dec 23 15:15:49 2014

*pvaI* Module (bsimcmg): 4 unexpanded port, 0 init, 1993 behav, 66 contrib, 49/2973 expr(s)
*pvaI* Resizing DB size for v count = 1
*pvaI* Resizing DB size for v count = 2
*pvaI*        Has DIS (ST SB), 5 afCount
*pvaI*        0 const-G and 0 const-C, Has switch branch.
*pvaI* Module (bsimcmg): generated 3 flow node(s) during compilation.

End of pVA genC on Tue Dec 23 15:15:52 2014

*pvaI* #### Total 697 line-size(s), 49 expr(s), 66 contr(s), 0 init(s), 1993 behav(s), 4 port(s)

Generating idvgnmos.pvadir/pvaRTL_linux.so


End of submitting pVA idvgnmos.pvadir/pvaRTL.mak on Tue Dec 23 15:15:57 2014


End of pVA elaboration on Tue Dec 23 15:15:57 2014

