****************************************************************************
***                            Sentaurus Mesh                            ***
***                          Version G-2012.06                           ***
***                            (1.12, RHEL64)                            ***
***                                                                      ***
***                       Copyright (C) 2005-2012                        ***
***                            Synopsys, Inc.                          ***
***                                                                      ***
***  This software and the associated documentation are confidential     ***
***  and proprietary to Synopsys, Inc.  Your use or disclosure of this   ***
***  software is subject to the terms and conditions of a written        ***
***  license agreement between you, or your company, and Synopsys, Inc.  ***
****************************************************************************

Compiled Wed Oct 17 21:05:30 PDT 2012 on: tcadprod5
Running on: rostam
Process ID: 19179

Flags used:

** Generating 3d grid **


===============================  brep quality  ===================================
minAngle: 0.0920169  [near (0.008403 -0 -0.25)]
maxAngle: 95.1698  [near (0.0038 0.042 0.25)]
minDihedralAngle: 84.8302  [near (0.008403 -0 -0.25),(0.008403 -0 0.25)] at region=OxideGate
nVerts = 60  nTris = 140  nRegs = 11
bmin: -0.015 -0.03 -0.26
bmax: 0.015 0.0428 0.26
min edgeLength: 0.0008  [near (0.0038 0.0424 0.251)]
min area: 3.212e-07  max area: 0.0105429  total area: 0.189275 interface area: 0.085516
volume: 0.00441727
Conformal? true
Are all boundaries on bbox? false
==================================================================================
Creating binary tree...done.
Smoothing out binary tree...done.
Imprinting binary tree on the boundary...done.
Optimizing boundary nodes...done.

===============================  brep quality  ===================================
minAngle: 0.0881473  [near (0.0038 0.0428 -0.195)]
maxAngle: 173.653  [near (0.0076 -0 0.251)]
minDihedralAngle: 84.8302  [near (0.0076 -0 -0.25),(0.0076 -0 -0.251)] at region=SiS
nVerts = 3486  nTris = 7348  nRegs = 11
bmin: -0.015 -0.03 -0.26
bmax: 0.015 0.0428 0.26
min edgeLength: 5e-05  [near (0.003775 0.042 0.251)]
min area: 2e-08  max area: 6.09375e-05  total area: 0.189275 interface area: 0.085516
volume: 0.00441727
Conformal? true
Are all boundaries on bbox? false
==================================================================================
Number of vertices after binary tree generation : 
  5049 (tree) + 3486 (boundary)

** Delaunizing the mesh **

Creating delaunizer input...done.
Fixing diagonals...done.
Building a generic Delaunay triangulation of the input vertices...done.
Setting up planar patches...done.
Initializing protection spheres...done.
Flipping edges...done. (6777 vertices, 39342 elements)
Solving ridges...done. (6847 vertices, 39694 elements)
Solving faces...done. (11044 vertices, 65134 elements)
Optimizing elements...done. (11044 vertices)
Recovering faces...done. (11044 vertices)
Eliminating slivers...done. (178.345 degrees), maxWeight = 6.96747e-07 um^2.

The final mesh has: 
    9805 points.
   48417 elements.
      11 regions.
Max. connectivity = 48 located at (0.0075;-0.018625;-0.0975)


==============================  tet-grid quality  ================================
    0  10  20  30  40  50  60  70  80  90 100 110 120 130 140 150 160 170 180
 %    6   8   3   7   2   1  10   1  12  41   1  .    4  .   .    1   1   1
---------------------------------------------------------------------------------
minAngle: 0.0879756  maxAngle: 177.477
nVerts = 9805  nTets = 48417  nMats = 7
max connectivity (tets per node): 48
bmin: -0.015 -0.03 -0.26
bmax: 0.015 0.0428 0.26
min edgeLength: 5e-05  [near (-0.003775 0.0416313 0.25075)]
min volume: 6.66667e-12  max volume: 9.24219e-08  Total volume: 0.000736212
bbox  volume: 0.00113568
Are all boundaries on bbox? false
=================================================================================
Interpolating data...done.
done.
Saving file ./v7/finfet_7Lg_4_msh.tdr...done.
