****************************************************************************
***                            Sentaurus Mesh                            ***
***                          Version G-2012.06                           ***
***                            (1.12, RHEL64)                            ***
***                                                                      ***
***                       Copyright (C) 2005-2012                        ***
***                            Synopsys, Inc.                          ***
***                                                                      ***
***  This software and the associated documentation are confidential     ***
***  and proprietary to Synopsys, Inc.  Your use or disclosure of this   ***
***  software is subject to the terms and conditions of a written        ***
***  license agreement between you, or your company, and Synopsys, Inc.  ***
****************************************************************************

Compiled Wed Oct 17 21:05:30 PDT 2012 on: tcadprod5
Running on: rostam
Process ID: 18802

Flags used:

** Generating 3d grid **


===============================  brep quality  ===================================
minAngle: 0.184033  [near (0.008403 -0 -0.125)]
maxAngle: 95.1698  [near (0.0038 0.042 0.125)]
minDihedralAngle: 84.8302  [near (0.008403 -0 -0.125),(0.008403 -0 0.125)] at region=OxideGate
nVerts = 60  nTris = 140  nRegs = 11
bmin: -0.015 -0.03 -0.135
bmax: 0.015 0.0428 0.135
min edgeLength: 0.0008  [near (0.0038 0.0424 0.126)]
min area: 3.212e-07  max area: 0.00527144  total area: 0.0977363 interface area: 0.0433288
volume: 0.00223781
Conformal? true
Are all boundaries on bbox? false
==================================================================================
Creating binary tree...done.
Smoothing out binary tree...done.
Imprinting binary tree on the boundary...done.
Optimizing boundary nodes...done.

===============================  brep quality  ===================================
minAngle: 0.169765  [near (0.0038 0.0428 -0.0675)]
maxAngle: 173.653  [near (0.0076 -0 0.126)]
minDihedralAngle: 84.8302  [near (0.0076 -0 -0.125),(0.0076 -0 -0.126)] at region=SiS
nVerts = 3486  nTris = 7348  nRegs = 11
bmin: -0.015 -0.03 -0.135
bmax: 0.015 0.0428 0.135
min edgeLength: 5e-05  [near (0.003775 0.042 0.126)]
min area: 2e-08  max area: 3.16406e-05  total area: 0.0977363 interface area: 0.0433288
volume: 0.00223781
Conformal? true
Are all boundaries on bbox? false
==================================================================================
Number of vertices after binary tree generation : 
  5049 (tree) + 3486 (boundary)

** Delaunizing the mesh **

Creating delaunizer input...done.
Fixing diagonals...done.
Building a generic Delaunay triangulation of the input vertices...done.
Setting up planar patches...done.
Initializing protection spheres...done.
Flipping edges...done. (6777 vertices, 39242 elements)
Solving ridges...done. (6839 vertices, 39622 elements)
Solving faces...done. (6969 vertices, 40487 elements)
Optimizing elements...done. (6969 vertices)
Recovering faces...done. (6969 vertices)
Eliminating slivers...done. (177.46 degrees), maxWeight = 1.2237e-06 um^2.

The final mesh has: 
    5929 points.
   28565 elements.
      11 regions.
Max. connectivity = 48 located at (0.0076;-0.0209;-0.03375)


==============================  tet-grid quality  ================================
    0  10  20  30  40  50  60  70  80  90 100 110 120 130 140 150 160 170 180
 %    5   8   4   7   2   1  11   2  12  40   1  .    4  .    1   1   1   1
---------------------------------------------------------------------------------
minAngle: 0.169434  maxAngle: 177.46
nVerts = 5929  nTets = 28565  nMats = 7
max connectivity (tets per node): 48
bmin: -0.015 -0.03 -0.135
bmax: 0.015 0.0428 0.135
min edgeLength: 5e-05  [near (0.0037625 0.0412625 0.12525)]
min volume: 6.66667e-12  max volume: 4.79883e-08  Total volume: 0.000372968
bbox  volume: 0.00058968
Are all boundaries on bbox? false
=================================================================================
Interpolating data...done.
done.
Saving file ./v7/finfet_7Lg_3_msh.tdr...done.
