****************************************************************************
***                            Sentaurus Mesh                            ***
***                          Version G-2012.06                           ***
***                            (1.12, RHEL64)                            ***
***                                                                      ***
***                       Copyright (C) 2005-2012                        ***
***                            Synopsys, Inc.                          ***
***                                                                      ***
***  This software and the associated documentation are confidential     ***
***  and proprietary to Synopsys, Inc.  Your use or disclosure of this   ***
***  software is subject to the terms and conditions of a written        ***
***  license agreement between you, or your company, and Synopsys, Inc.  ***
****************************************************************************

Compiled Wed Oct 17 21:05:30 PDT 2012 on: tcadprod5
Running on: rostam
Process ID: 17971

Flags used:

** Generating 3d grid **


===============================  brep quality  ===================================
minAngle: 1.08828  [near (-0.004603 0.042 0.011)]
maxAngle: 95.1698  [near (0.0038 0.042 0.01)]
minDihedralAngle: 84.8302  [near (0.008403 -0 -0.01),(0.008403 -0 0.01)] at region=OxideGate
nVerts = 60  nTris = 140  nRegs = 11
bmin: -0.015 -0.03 -0.02
bmax: 0.015 0.0428 0.02
min edgeLength: 0.0008  [near (0.0038 0.0424 0.011)]
min area: 3.212e-07  max area: 0.000421716  total area: 0.0135211 interface area: 0.00451647
volume: 0.000232703
Conformal? true
Are all boundaries on bbox? false
==================================================================================
Creating binary tree...done.
Smoothing out binary tree...done.
Imprinting binary tree on the boundary...done.
Optimizing boundary nodes...done.

===============================  brep quality  ===================================
minAngle: 1.69649  [near (-0.00743262 0.00185 -0.011)]
maxAngle: 152.488  [near (0.0075 0 0.01125)]
minDihedralAngle: 84.8302  [near (0.0076 -0 -0.01),(0.0076 -0 -0.011)] at region=SiS
nVerts = 4186  nTris = 8748  nRegs = 11
bmin: -0.015 -0.03 -0.02
bmax: 0.015 0.0428 0.02
min edgeLength: 5e-05  [near (0.003775 0.042 0.011)]
min area: 6.25e-09  max area: 4.26563e-06  total area: 0.0135211 interface area: 0.00451647
volume: 0.000232703
Conformal? true
Are all boundaries on bbox? false
==================================================================================
Number of vertices after binary tree generation : 
  9801 (tree) + 4186 (boundary)

** Delaunizing the mesh **

Creating delaunizer input...done.
Fixing diagonals...done.
Building a generic Delaunay triangulation of the input vertices...done.
Setting up planar patches...done.
Initializing protection spheres...done.
Flipping edges...done. (9033 vertices, 52640 elements)
Solving ridges...done. (9049 vertices, 52752 elements)
Solving faces...done. (9171 vertices, 53555 elements)
Optimizing elements...done. (9171 vertices)
Recovering faces...done. (9171 vertices)
Eliminating slivers...done. (175.756 degrees), maxWeight = 5.5903e-08 um^2.

The final mesh has: 
    7367 points.
   35029 elements.
      11 regions.
Max. connectivity = 42 located at (-0.00375;0.040525;0.01625)


==============================  tet-grid quality  ================================
    0  10  20  30  40  50  60  70  80  90 100 110 120 130 140 150 160 170 180
 %    2   2   6  11   3   2  12   8   7  36   3   3  .   .    1  .   .    1
---------------------------------------------------------------------------------
minAngle: 1.55412  maxAngle: 175.756
nVerts = 7367  nTets = 35029  nMats = 7
max connectivity (tets per node): 42
bmin: -0.015 -0.03 -0.02
bmax: 0.015 0.0428 0.02
min edgeLength: 5e-05  [near (-0.003775 0.0416312 0.014375)]
min volume: 3.07292e-12  max volume: 1.77734e-09  Total volume: 3.87838e-05
bbox  volume: 8.736e-05
Are all boundaries on bbox? false
=================================================================================
Interpolating data...done.
done.
Saving file ./v7/finfet_7Lg_0_msh.tdr...done.
