****************************************************************************
***                            Sentaurus Mesh                            ***
***                          Version G-2012.06                           ***
***                            (1.12, RHEL64)                            ***
***                                                                      ***
***                       Copyright (C) 2005-2012                        ***
***                            Synopsys, Inc.                          ***
***                                                                      ***
***  This software and the associated documentation are confidential     ***
***  and proprietary to Synopsys, Inc.  Your use or disclosure of this   ***
***  software is subject to the terms and conditions of a written        ***
***  license agreement between you, or your company, and Synopsys, Inc.  ***
****************************************************************************

Compiled Wed Oct 17 21:05:30 PDT 2012 on: tcadprod5
Running on: rostam
Process ID: 18283

Flags used:

** Generating 3d grid **


===============================  brep quality  ===================================
minAngle: 0.920091  [near (0.008403 -0 -0.025)]
maxAngle: 95.1698  [near (0.0038 0.042 0.025)]
minDihedralAngle: 84.8302  [near (0.008403 -0 -0.025),(0.008403 -0 0.025)] at region=OxideGate
nVerts = 60  nTris = 140  nRegs = 11
bmin: -0.015 -0.03 -0.035
bmax: 0.015 0.0428 0.035
min edgeLength: 0.0008  [near (0.0038 0.0424 0.026)]
min area: 3.212e-07  max area: 0.00105429  total area: 0.0245057 interface area: 0.00957894
volume: 0.000494238
Conformal? true
Are all boundaries on bbox? false
==================================================================================
Creating binary tree...done.
Smoothing out binary tree...done.
Imprinting binary tree on the boundary...done.
Optimizing boundary nodes...done.

===============================  brep quality  ===================================
minAngle: 0.65478  [near (0.00375 0.042 0.004375)]
maxAngle: 152.488  [near (0.0075 0 0.02625)]
minDihedralAngle: 84.8302  [near (0.0076 -0 -0.025),(0.0076 -0 -0.026)] at region=SiS
nVerts = 3030  nTris = 6404  nRegs = 11
bmin: -0.015 -0.03 -0.035
bmax: 0.015 0.0428 0.035
min edgeLength: 5e-05  [near (0.003775 0.042 0.026)]
min area: 6.25e-09  max area: 8.20313e-06  total area: 0.0245057 interface area: 0.00957894
volume: 0.000494238
Conformal? true
Are all boundaries on bbox? false
==================================================================================
Number of vertices after binary tree generation : 
  5049 (tree) + 3030 (boundary)

** Delaunizing the mesh **

Creating delaunizer input...done.
Fixing diagonals...done.
Building a generic Delaunay triangulation of the input vertices...done.
Setting up planar patches...done.
Initializing protection spheres...done.
Flipping edges...done. (5957 vertices, 34662 elements)
Solving ridges...done. (5981 vertices, 34822 elements)
Solving faces...done. (6071 vertices, 35374 elements)
Optimizing elements...done. (6071 vertices)
Recovering faces...done. (6071 vertices)
Eliminating slivers...done. (177.164 degrees), maxWeight = 6.22596e-20 um^2.

The final mesh has: 
    5019 points.
   23586 elements.
      11 regions.
Max. connectivity = 48 located at (-0.0076;-0.009525;0.00875)


==============================  tet-grid quality  ================================
    0  10  20  30  40  50  60  70  80  90 100 110 120 130 140 150 160 170 180
 %    2   4   5   6   7   7   8   7   7  37   1   3   2  .    1  .    1   1
---------------------------------------------------------------------------------
minAngle: 0.653505  maxAngle: 177.164
nVerts = 5019  nTets = 23586  nMats = 7
max connectivity (tets per node): 48
bmin: -0.015 -0.03 -0.035
bmax: 0.015 0.0428 0.035
min edgeLength: 5e-05  [near (0.003775 0.0416313 0.0339062)]
min volume: 3.07292e-12  max volume: 1.24414e-08  Total volume: 8.23731e-05
bbox  volume: 0.00015288
Are all boundaries on bbox? false
=================================================================================
Interpolating data...done.
done.
Saving file ./v7/finfet_7Lg_1_msh.tdr...done.
